<?xml version="1.0" encoding="UTF-8"?>
<!-- Generated by org.testng.reporters.JUnitXMLReporter -->
<testsuite hostname="DESKTOP-QAS6HTV" ignored="0" name="Default test" tests="3" failures="0" timestamp="15 Feb 2020 16:46:29 GMT" time="20.893" errors="0">
  <testcase name="clickIpad4MiniTest" time="0.286" classname="com.skyroic.qa.testscripts.ProductsListPageTest"/>
  <testcase name="toAddpdtToCartTest" time="0.104" classname="com.skyroic.qa.testscripts.ProductsListPageTest"/>
  <testcase name="inStockDetailsTest" time="0.122" classname="com.skyroic.qa.testscripts.ProductsListPageTest"/>
</testsuite> <!-- Default test -->
