<?xml version="1.0" encoding="UTF-8"?>
<testng-results skipped="0" failed="0" ignored="0" total="1" passed="1">
  <reporter-output>
  </reporter-output>
  <suite name="Default suite" duration-ms="20528" started-at="2020-02-15T14:15:38Z" finished-at="2020-02-15T14:15:58Z">
    <groups>
    </groups>
    <test name="Default test" duration-ms="20528" started-at="2020-02-15T14:15:38Z" finished-at="2020-02-15T14:15:58Z">
      <class name="com.skyroic.qa.testscripts.ProductsListPageTest">
        <test-method status="PASS" signature="setUp()[pri:0, instance:com.skyroic.qa.testscripts.ProductsListPageTest@1275dab]" name="setUp" is-config="true" duration-ms="20214" started-at="2020-02-15T14:15:38Z" finished-at="2020-02-15T14:15:58Z">
          <reporter-output>
          </reporter-output>
        </test-method> <!-- setUp -->
        <test-method status="PASS" signature="inStockDetailsTest()[pri:3, instance:com.skyroic.qa.testscripts.ProductsListPageTest@1275dab]" name="inStockDetailsTest" duration-ms="287" started-at="2020-02-15T14:15:58Z" finished-at="2020-02-15T14:15:58Z">
          <reporter-output>
          </reporter-output>
        </test-method> <!-- inStockDetailsTest -->
        <test-method status="PASS" signature="tearDown()[pri:0, instance:com.skyroic.qa.testscripts.ProductsListPageTest@1275dab]" name="tearDown" is-config="true" duration-ms="0" started-at="2020-02-15T14:15:58Z" finished-at="2020-02-15T14:15:58Z">
          <reporter-output>
          </reporter-output>
        </test-method> <!-- tearDown -->
      </class> <!-- com.skyroic.qa.testscripts.ProductsListPageTest -->
    </test> <!-- Default test -->
  </suite> <!-- Default suite -->
</testng-results>
