<?xml version="1.0" encoding="UTF-8"?>
<testng-results skipped="0" failed="0" ignored="0" total="3" passed="3">
  <reporter-output>
  </reporter-output>
  <suite name="Default suite" duration-ms="20893" started-at="2020-02-15T16:46:08Z" finished-at="2020-02-15T16:46:29Z">
    <groups>
    </groups>
    <test name="Default test" duration-ms="20893" started-at="2020-02-15T16:46:08Z" finished-at="2020-02-15T16:46:29Z">
      <class name="com.skyroic.qa.testscripts.ProductsListPageTest">
        <test-method status="PASS" signature="setUp()[pri:0, instance:com.skyroic.qa.testscripts.ProductsListPageTest@1275dab]" name="setUp" is-config="true" duration-ms="19664" started-at="2020-02-15T16:46:08Z" finished-at="2020-02-15T16:46:28Z">
          <reporter-output>
          </reporter-output>
        </test-method> <!-- setUp -->
        <test-method status="PASS" signature="clickIpad4MiniTest()[pri:1, instance:com.skyroic.qa.testscripts.ProductsListPageTest@1275dab]" name="clickIpad4MiniTest" duration-ms="286" started-at="2020-02-15T16:46:28Z" finished-at="2020-02-15T16:46:28Z">
          <reporter-output>
          </reporter-output>
        </test-method> <!-- clickIpad4MiniTest -->
        <test-method status="PASS" signature="toAddpdtToCartTest()[pri:2, instance:com.skyroic.qa.testscripts.ProductsListPageTest@1275dab]" name="toAddpdtToCartTest" duration-ms="104" started-at="2020-02-15T16:46:28Z" finished-at="2020-02-15T16:46:28Z">
          <reporter-output>
          </reporter-output>
        </test-method> <!-- toAddpdtToCartTest -->
        <test-method status="PASS" signature="inStockDetailsTest()[pri:3, instance:com.skyroic.qa.testscripts.ProductsListPageTest@1275dab]" name="inStockDetailsTest" duration-ms="122" started-at="2020-02-15T16:46:28Z" finished-at="2020-02-15T16:46:28Z">
          <reporter-output>
          </reporter-output>
        </test-method> <!-- inStockDetailsTest -->
        <test-method status="PASS" signature="tearDown()[pri:0, instance:com.skyroic.qa.testscripts.ProductsListPageTest@1275dab]" name="tearDown" is-config="true" duration-ms="687" started-at="2020-02-15T16:46:28Z" finished-at="2020-02-15T16:46:29Z">
          <reporter-output>
          </reporter-output>
        </test-method> <!-- tearDown -->
      </class> <!-- com.skyroic.qa.testscripts.ProductsListPageTest -->
    </test> <!-- Default test -->
  </suite> <!-- Default suite -->
</testng-results>
